{"name": "test_equality", "status": "failed", "statusDetails": {"message": "AssertionError: assert 10 == 11\n  -10\n  +11", "trace": "@pytest.mark.others\n    def test_equality():\n        #def tesequality():\n>       assert 10 == 11\nE       assert 10 == 11\nE         -10\nE         +11\n\ntest_square.py:21: AssertionError"}, "start": 1573041325554, "stop": 1573041325555, "uuid": "20fb58dd-7981-4d88-82fb-287b50d2235a", "historyId": "3d2cb46673a5ec877a01c9c6a507b500", "testCaseId": "2cd0ec3053a202c03e594cd508a5cddb", "fullName": "test_square#test_equality", "labels": [{"name": "tag", "value": "others"}, {"name": "suite", "value": "test_square"}, {"name": "host", "value": "SIVA-PC"}, {"name": "thread", "value": "8312-MainThread"}, {"name": "framework", "value": "pytest"}, {"name": "language", "value": "cpython3"}, {"name": "package", "value": "test_square"}]}