{"name": "test_divisible_by_13", "status": "failed", "statusDetails": {"message": "AssertionError: assert 1 == 0\n  -1\n  +0", "trace": "input_value = 40\n\n    def test_divisible_by_13(input_value):\n>       assert input_value % 13 == 0\nE       assert 1 == 0\nE         -1\nE         +0\n\ntest_div_by_13.py:4: AssertionError"}, "start": 1573041325426, "stop": 1573041325427, "uuid": "cd05fb7c-aa9e-4d93-90d2-c25c70181e89", "historyId": "5a46ea08b5d9ac3fe25783afa95c1b7d", "testCaseId": "a077f44af5cc977cf56784a142a5ee64", "fullName": "test_div_by_13#test_divisible_by_13", "labels": [{"name": "suite", "value": "test_div_by_13"}, {"name": "host", "value": "SIVA-PC"}, {"name": "thread", "value": "8312-MainThread"}, {"name": "framework", "value": "pytest"}, {"name": "language", "value": "cpython3"}, {"name": "package", "value": "test_div_by_13"}]}