{"name": "test_logout", "status": "failed", "statusDetails": {"message": "AssertionError: assert 'C:\\\\Users\\\\S..._16-34-56.png' == 'abcd'\n  - C:\\Users\\SIVA\\PycharmProjects\\screenshots\\test_logout_11-08-2019_16-34-56.png\n  + abcd", "trace": "self = <Tests.Login_Test.TestLogin object at 0x03E5EE70>\n\n    def test_logout(self):\n        driver=self.driver\n        try:\n            x = driver.title\n            #assert x == \"OrangeHRM\"\n>           assert x == \"abc\"\nE           AssertionError: assert 'OrangeHRM' == 'abc'\nE             - OrangeHRM\nE             + abc\n\nTests\\Login_Test.py:28: AssertionError\n\nDuring handling of the above exception, another exception occurred:\n\nself = <Tests.Login_Test.TestLogin object at 0x03E5EE70>\n\n    def test_logout(self):\n        driver=self.driver\n        try:\n            x = driver.title\n            #assert x == \"OrangeHRM\"\n            assert x == \"abc\"\n            hp = HomePage(driver)\n            hp.click_welcome()\n            hp.click_Logout()\n        except AssertionError as error:\n            print(\"Assertion error occurred\")\n            print(error)\n            testName=utils.whoami()\n            cuurentTime = moment.now().strftime(\"%m-%d-%Y_%H-%M-%S\")\n            screenshotName=testName+\"_\"+cuurentTime\n            project_path = os.path.abspath(os.pardir)\n            project_path = project_path + \"\\\\screenshots\\\\\" + screenshotName + \".png\"\n>           assert project_path==\"abcd\"\nE           AssertionError: assert 'C:\\\\Users\\\\S..._16-34-56.png' == 'abcd'\nE             - C:\\Users\\SIVA\\PycharmProjects\\screenshots\\test_logout_11-08-2019_16-34-56.png\nE             + abcd\n\nTests\\Login_Test.py:40: AssertionError"}, "attachments": [{"name": "stdout", "source": "ba485a46-991b-40a2-a0a9-1c78622e1792-attachment.txt", "type": "text/plain"}], "start": 1573211095967, "stop": 1573211096160, "uuid": "228b8b4f-8d02-4546-aeb7-29ccbba83295", "historyId": "5c3974c989a306984d56def9cffc6791", "testCaseId": "0d6c1f07e0db1096b4eaeeef89c8d01d", "fullName": "Tests.Login_Test.TestLogin#test_logout", "labels": [{"name": "parentSuite", "value": "Tests"}, {"name": "suite", "value": "Login_Test"}, {"name": "subSuite", "value": "TestLogin"}, {"name": "host", "value": "SIVA-PC"}, {"name": "thread", "value": "6024-MainThread"}, {"name": "framework", "value": "pytest"}, {"name": "language", "value": "cpython3"}, {"name": "package", "value": "Tests.Login_Test"}]}