{"name": "test_logout", "status": "broken", "statusDetails": {"message": "TypeError: unsupported operand type(s) for /: 'str' and 'str'", "trace": "self = <Tests.Login_Test.TestLogin object at 0x03E299D0>\n\n    def test_logout(self):\n        driver=self.driver\n        try:\n            x = driver.title\n            #assert x == \"OrangeHRM\"\n>           assert x == \"abc\"\nE           AssertionError: assert 'OrangeHRM' == 'abc'\nE             - OrangeHRM\nE             + abc\n\nTests\\Login_Test.py:28: AssertionError\n\nDuring handling of the above exception, another exception occurred:\n\nself = <Tests.Login_Test.TestLogin object at 0x03E299D0>\n\n    def test_logout(self):\n        driver=self.driver\n        try:\n            x = driver.title\n            #assert x == \"OrangeHRM\"\n            assert x == \"abc\"\n            hp = HomePage(driver)\n            hp.click_welcome()\n            hp.click_Logout()\n        except AssertionError as error:\n            print(\"Assertion error occurred\")\n            print(error)\n            testName=utils.whoami()\n            cuurentTime = moment.now().strftime(\"%m-%d-%Y_%H-%M-%S\")\n            screenshotName=testName+\"_\"+cuurentTime\n            project_path = os.path.abspath(os.curdir)\n>           project_path=project_path.replace(\"\\\",\"/\",\"\"\")  #run from main project path\nE           TypeError: unsupported operand type(s) for /: 'str' and 'str'\n\nTests\\Login_Test.py:39: TypeError"}, "attachments": [{"name": "stdout", "source": "771b829b-569d-4f66-a100-602bbf729da3-attachment.txt", "type": "text/plain"}], "start": 1573211475057, "stop": 1573211475221, "uuid": "70a0ef7e-14ec-4a07-b6df-49c5f26ced04", "historyId": "5c3974c989a306984d56def9cffc6791", "testCaseId": "0d6c1f07e0db1096b4eaeeef89c8d01d", "fullName": "Tests.Login_Test.TestLogin#test_logout", "labels": [{"name": "parentSuite", "value": "Tests"}, {"name": "suite", "value": "Login_Test"}, {"name": "subSuite", "value": "TestLogin"}, {"name": "host", "value": "SIVA-PC"}, {"name": "thread", "value": "8936-MainThread"}, {"name": "framework", "value": "pytest"}, {"name": "language", "value": "cpython3"}, {"name": "package", "value": "Tests.Login_Test"}]}